<?xml version="1.0" encoding="UTF-8"?>
<testng-results ignored="0" total="1" passed="1" failed="0" skipped="0">
  <reporter-output>
  </reporter-output>
  <suite started-at="2021-01-17T14:08:16 EST" name="Suite" finished-at="2021-01-17T14:08:24 EST" duration-ms="8529">
    <groups>
    </groups>
    <test started-at="2021-01-17T14:08:16 EST" name="Test" finished-at="2021-01-17T14:08:24 EST" duration-ms="8529">
      <class name="com.herokuapp.RegressionTests">
        <test-method signature="startup()[pri:0, instance:com.herokuapp.RegressionTests@5c671d7f]" started-at="2021-01-17T14:08:16 EST" name="startup" finished-at="2021-01-17T14:08:24 EST" duration-ms="8487" status="PASS">
          <reporter-output>
          </reporter-output>
        </test-method> <!-- startup -->
      </class> <!-- com.herokuapp.RegressionTests -->
    </test> <!-- Test -->
  </suite> <!-- Suite -->
</testng-results>
